01:17:23 | ============================================================
01:17:23 | 配置:
{
  "batch_size": 1024,
  "buffer_size": 4096,
  "roll_num": 4096,
  "ppo_update_step": 4,
  "max_traj_len": 90,
  "sample_eps": 0.03,
  "gae_lambda": 0.95,
  "gae_gamma": 0.99,
  "epsilon_low": 0.2,
  "epsilon_high": 0.2,
  "lr": 0.0001,
  "lr_min": -1.0,
  "epochs": 300,
  "num_workers": 16,
  "d_model": 512,
  "nhead": 8,
  "d_ff": 2048,
  "n_layers": 3,
  "mlp_head": 0,
  "reward_multiplier": 1,
  "mult_cap": 4,
  "normalize_returns": 1,
  "use_pbrs": 0,
  "temperature": 1.0,
  "temperature_min": 0.25,
  "temperature_anneal_frac": 0.7,
  "n_step": 0,
  "mode": "selfplay",
  "eval_num": 4096,
  "eval_interval": 5,
  "log_dir": "logs",
  "metrics_file": ""
}
01:17:23 | 指标文件: logs/metrics.jsonl  (网页看板: python tools/dashboard.py)
01:17:23 | ============================================================
01:17:24 | ────────────────────  epoch 0/300  (τ=1.000)  ────────────────────
